<?xml version="1.0" encoding="UTF-8" ?>
<testsuite failures="0" time="0.017" errors="0" skipped="0" tests="13" name="life.game.ConwayBoardTest">
  <properties>
[...]
</properties>
  <testcase time="0.001" classname="life.game.ConwayBoardTest" name="boardIsInProperInitialState"/>
  <testcase time="0" classname="life.game.ConwayBoardTest" name="canSetAPositionToAlive"/>
  <testcase time="0" classname="life.game.ConwayBoardTest" name="canSetADifferentPositionToAlive"/>
  <testcase time="0.001" classname="life.game.ConwayBoardTest" name="livingCellWithZeroNeighborsWillDie"/>
  <testcase time="0" classname="life.game.ConwayBoardTest" name="livingCellWithOneNeighborsWillDie"/>
  <testcase time="0.001" classname="life.game.ConwayBoardTest" name="livingCellWithTwoNeighborsWillNotDie"/>
  <testcase time="0" classname="life.game.ConwayBoardTest" name="livingCellWithTwoNeighborsWillNotDieButOthersWillDie"/>
  <testcase time="0.001" classname="life.game.ConwayBoardTest" name="livingCellWithMoreThanThreeWillDie"/>
  <testcase time="0" classname="life.game.ConwayBoardTest" name="deadCellWithThreeLiveNeighborsWillBecomeAlive"/>
  <testcase time="0.006" classname="life.game.ConwayBoardTest" name="presetBoardForGliderSetsBoardFor29Length"/>
  <testcase time="0" classname="life.game.ConwayBoardTest" name="presetBoardForGliderSetsBoardPutsGliderInMiddle"/>
  <testcase time="0" classname="life.game.ConwayBoardTest" name="boardPrintIsProper"/>
  <testcase time="0" classname="life.game.ConwayBoardTest" name="boardPrintIsProperWithALivingRecord"/>
</testsuite>